  OPL_CONV.cpp
concert.lib(ilosstructi.obj) : warning LNK4099: impossibile trovare il PDB 'concert.pdb' con 'concert.lib(ilosstructi.obj)' o in 'C:\Users\dario\source\repos\GMKP\x64\Debug\concert.pdb'; oggetto collegato senza informazioni di debug
concert.lib(ilohash.obj) : warning LNK4099: impossibile trovare il PDB 'concert.pdb' con 'concert.lib(ilohash.obj)' o in 'C:\Users\dario\source\repos\GMKP\x64\Debug\concert.pdb'; oggetto collegato senza informazioni di debug
concert.lib(iloalg.obj) : warning LNK4099: impossibile trovare il PDB 'concert.pdb' con 'concert.lib(iloalg.obj)' o in 'C:\Users\dario\source\repos\GMKP\x64\Debug\concert.pdb'; oggetto collegato senza informazioni di debug
concert.lib(iloenv.obj) : warning LNK4099: impossibile trovare il PDB 'concert.pdb' con 'concert.lib(iloenv.obj)' o in 'C:\Users\dario\source\repos\GMKP\x64\Debug\concert.pdb'; oggetto collegato senza informazioni di debug
concert.lib(ilostimei.obj) : warning LNK4099: impossibile trovare il PDB 'concert.pdb' con 'concert.lib(ilostimei.obj)' o in 'C:\Users\dario\source\repos\GMKP\x64\Debug\concert.pdb'; oggetto collegato senza informazioni di debug
concert.lib(iloallocator.obj) : warning LNK4099: impossibile trovare il PDB 'concert.pdb' con 'concert.lib(iloallocator.obj)' o in 'C:\Users\dario\source\repos\GMKP\x64\Debug\concert.pdb'; oggetto collegato senza informazioni di debug
concert.lib(ilosatomi.obj) : warning LNK4099: impossibile trovare il PDB 'concert.pdb' con 'concert.lib(ilosatomi.obj)' o in 'C:\Users\dario\source\repos\GMKP\x64\Debug\concert.pdb'; oggetto collegato senza informazioni di debug
concert.lib(iloserror.obj) : warning LNK4099: impossibile trovare il PDB 'concert.pdb' con 'concert.lib(iloserror.obj)' o in 'C:\Users\dario\source\repos\GMKP\x64\Debug\concert.pdb'; oggetto collegato senza informazioni di debug
concert.lib(ilosdisplayi.obj) : warning LNK4099: impossibile trovare il PDB 'concert.pdb' con 'concert.lib(ilosdisplayi.obj)' o in 'C:\Users\dario\source\repos\GMKP\x64\Debug\concert.pdb'; oggetto collegato senza informazioni di debug
concert.lib(ilorandom.obj) : warning LNK4099: impossibile trovare il PDB 'concert.pdb' con 'concert.lib(ilorandom.obj)' o in 'C:\Users\dario\source\repos\GMKP\x64\Debug\concert.pdb'; oggetto collegato senza informazioni di debug
concert.lib(ilothread.obj) : warning LNK4099: impossibile trovare il PDB 'concert.pdb' con 'concert.lib(ilothread.obj)' o in 'C:\Users\dario\source\repos\GMKP\x64\Debug\concert.pdb'; oggetto collegato senza informazioni di debug
concert.lib(ilossol.obj) : warning LNK4099: impossibile trovare il PDB 'concert.pdb' con 'concert.lib(ilossol.obj)' o in 'C:\Users\dario\source\repos\GMKP\x64\Debug\concert.pdb'; oggetto collegato senza informazioni di debug
concert.lib(ilotypes.obj) : warning LNK4099: impossibile trovare il PDB 'concert.pdb' con 'concert.lib(ilotypes.obj)' o in 'C:\Users\dario\source\repos\GMKP\x64\Debug\concert.pdb'; oggetto collegato senza informazioni di debug
concert.lib(iloexpression.obj) : warning LNK4099: impossibile trovare il PDB 'concert.pdb' con 'concert.lib(iloexpression.obj)' o in 'C:\Users\dario\source\repos\GMKP\x64\Debug\concert.pdb'; oggetto collegato senza informazioni di debug
concert.lib(ilosbasic.obj) : warning LNK4099: impossibile trovare il PDB 'concert.pdb' con 'concert.lib(ilosbasic.obj)' o in 'C:\Users\dario\source\repos\GMKP\x64\Debug\concert.pdb'; oggetto collegato senza informazioni di debug
concert.lib(iloset.obj) : warning LNK4099: impossibile trovare il PDB 'concert.pdb' con 'concert.lib(iloset.obj)' o in 'C:\Users\dario\source\repos\GMKP\x64\Debug\concert.pdb'; oggetto collegato senza informazioni di debug
concert.lib(iloconstraint.obj) : warning LNK4099: impossibile trovare il PDB 'concert.pdb' con 'concert.lib(iloconstraint.obj)' o in 'C:\Users\dario\source\repos\GMKP\x64\Debug\concert.pdb'; oggetto collegato senza informazioni di debug
concert.lib(iloanyexpr.obj) : warning LNK4099: impossibile trovare il PDB 'concert.pdb' con 'concert.lib(iloanyexpr.obj)' o in 'C:\Users\dario\source\repos\GMKP\x64\Debug\concert.pdb'; oggetto collegato senza informazioni di debug
concert.lib(iloextractable.obj) : warning LNK4099: impossibile trovare il PDB 'concert.pdb' con 'concert.lib(iloextractable.obj)' o in 'C:\Users\dario\source\repos\GMKP\x64\Debug\concert.pdb'; oggetto collegato senza informazioni di debug
concert.lib(ilomap.obj) : warning LNK4099: impossibile trovare il PDB 'concert.pdb' con 'concert.lib(ilomap.obj)' o in 'C:\Users\dario\source\repos\GMKP\x64\Debug\concert.pdb'; oggetto collegato senza informazioni di debug
concert.lib(ilosmodel.obj) : warning LNK4099: impossibile trovare il PDB 'concert.pdb' con 'concert.lib(ilosmodel.obj)' o in 'C:\Users\dario\source\repos\GMKP\x64\Debug\concert.pdb'; oggetto collegato senza informazioni di debug
concert.lib(ilosolution.obj) : warning LNK4099: impossibile trovare il PDB 'concert.pdb' con 'concert.lib(ilosolution.obj)' o in 'C:\Users\dario\source\repos\GMKP\x64\Debug\concert.pdb'; oggetto collegato senza informazioni di debug
concert.lib(iloiterator.obj) : warning LNK4099: impossibile trovare il PDB 'concert.pdb' con 'concert.lib(iloiterator.obj)' o in 'C:\Users\dario\source\repos\GMKP\x64\Debug\concert.pdb'; oggetto collegato senza informazioni di debug
concert.lib(ilossequencei.obj) : warning LNK4099: impossibile trovare il PDB 'concert.pdb' con 'concert.lib(ilossequencei.obj)' o in 'C:\Users\dario\source\repos\GMKP\x64\Debug\concert.pdb'; oggetto collegato senza informazioni di debug
concert.lib(ilocollection.obj) : warning LNK4099: impossibile trovare il PDB 'concert.pdb' con 'concert.lib(ilocollection.obj)' o in 'C:\Users\dario\source\repos\GMKP\x64\Debug\concert.pdb'; oggetto collegato senza informazioni di debug
concert.lib(ilocollectionstruct.obj) : warning LNK4099: impossibile trovare il PDB 'concert.pdb' con 'concert.lib(ilocollectionstruct.obj)' o in 'C:\Users\dario\source\repos\GMKP\x64\Debug\concert.pdb'; oggetto collegato senza informazioni di debug
concert.lib(ilosimplecollection.obj) : warning LNK4099: impossibile trovare il PDB 'concert.pdb' con 'concert.lib(ilosimplecollection.obj)' o in 'C:\Users\dario\source\repos\GMKP\x64\Debug\concert.pdb'; oggetto collegato senza informazioni di debug
concert.lib(ilocollectionoperator.obj) : warning LNK4099: impossibile trovare il PDB 'concert.pdb' con 'concert.lib(ilocollectionoperator.obj)' o in 'C:\Users\dario\source\repos\GMKP\x64\Debug\concert.pdb'; oggetto collegato senza informazioni di debug
concert.lib(ilocollectioniterator.obj) : warning LNK4099: impossibile trovare il PDB 'concert.pdb' con 'concert.lib(ilocollectioniterator.obj)' o in 'C:\Users\dario\source\repos\GMKP\x64\Debug\concert.pdb'; oggetto collegato senza informazioni di debug
concert.lib(iloskiplist.obj) : warning LNK4099: impossibile trovare il PDB 'concert.pdb' con 'concert.lib(iloskiplist.obj)' o in 'C:\Users\dario\source\repos\GMKP\x64\Debug\concert.pdb'; oggetto collegato senza informazioni di debug
concert.lib(ilonumfunci.obj) : warning LNK4099: impossibile trovare il PDB 'concert.pdb' con 'concert.lib(ilonumfunci.obj)' o in 'C:\Users\dario\source\repos\GMKP\x64\Debug\concert.pdb'; oggetto collegato senza informazioni di debug
concert.lib(iloparami.obj) : warning LNK4099: impossibile trovare il PDB 'concert.pdb' con 'concert.lib(iloparami.obj)' o in 'C:\Users\dario\source\repos\GMKP\x64\Debug\concert.pdb'; oggetto collegato senza informazioni di debug
concert.lib(ilointervalsi.obj) : warning LNK4099: impossibile trovare il PDB 'concert.pdb' con 'concert.lib(ilointervalsi.obj)' o in 'C:\Users\dario\source\repos\GMKP\x64\Debug\concert.pdb'; oggetto collegato senza informazioni di debug
concert.lib(evalkernel.obj) : warning LNK4099: impossibile trovare il PDB 'concert.pdb' con 'concert.lib(evalkernel.obj)' o in 'C:\Users\dario\source\repos\GMKP\x64\Debug\concert.pdb'; oggetto collegato senza informazioni di debug
concert.lib(evaluator.obj) : warning LNK4099: impossibile trovare il PDB 'concert.pdb' con 'concert.lib(evaluator.obj)' o in 'C:\Users\dario\source\repos\GMKP\x64\Debug\concert.pdb'; oggetto collegato senza informazioni di debug
concert.lib(evalexpand.obj) : warning LNK4099: impossibile trovare il PDB 'concert.pdb' con 'concert.lib(evalexpand.obj)' o in 'C:\Users\dario\source\repos\GMKP\x64\Debug\concert.pdb'; oggetto collegato senza informazioni di debug
concert.lib(strtod.obj) : warning LNK4099: impossibile trovare il PDB 'concert.pdb' con 'concert.lib(strtod.obj)' o in 'C:\Users\dario\source\repos\GMKP\x64\Debug\concert.pdb'; oggetto collegato senza informazioni di debug
  GMKP.vcxproj -> C:\Users\dario\source\repos\GMKP\x64\Debug\GMKP.exe
